android/build/intermediates/manifest_merge_blame_file/debug/manifest-merger-blame-debug-report.txt
1<?xml version="1.0" encoding="utf-8"?>
2<manifest xmlns:android="http://schemas.android.com/apk/res/android"
3    package="com.rngateways" >
4
5    <uses-sdk
6        android:minSdkVersion="23"
6-->src\main\AndroidManifest.xml
7        android:targetSdkVersion="30" />
7-->src\main\AndroidManifest.xml
8
9    <uses-permission android:name="br.com.uol.pagseguro.permission.MANAGE_PAYMENTS" />
9-->src\main\AndroidManifest.xml:5:1-82
9-->src\main\AndroidManifest.xml:5:18-80
10    <uses-permission android:name="android.permission.ACCESS_NETWORK_STATE" />
10-->src\main\AndroidManifest.xml:6:1-75
10-->src\main\AndroidManifest.xml:6:18-72
11
12    <application android:hardwareAccelerated="true" />
12-->src\main\AndroidManifest.xml:7:1-51
12-->src\main\AndroidManifest.xml:7:14-48
13
14</manifest>